[DEBUG] 2024-04-01 20:51:08.572 [http-nio-8080-exec-1][DataSourceUtils.java] DataSourceUtils - Fetching JDBC Connection from DataSource
[DEBUG] 2024-04-01 20:51:08.575 [http-nio-8080-exec-1][Logger.java] SpringManagedTransaction - JDBC Connection [HikariProxyConnection@2108370561 wrapping com.mysql.cj.jdbc.ConnectionImpl@1465108f] will not be managed by Spring
[DEBUG] 2024-04-01 20:51:08.577 [http-nio-8080-exec-1][BaseJdbcLogger.java] homeList - ==>  Preparing: SELECT row_number() over(order by id desc) as num , id , title , content , system_registrar_id , system_updater_id , DATE_FORMAT(system_registrar_datetime, '%Y-%m-%d') AS system_registrar_datetime , DATE_FORMAT(system_update_datetime, '%Y-%m-%d') AS system_update_datetime FROM new_board
[DEBUG] 2024-04-01 20:51:08.605 [http-nio-8080-exec-1][BaseJdbcLogger.java] homeList - ==> Parameters: 
[DEBUG] 2024-04-01 20:51:08.631 [http-nio-8080-exec-1][BaseJdbcLogger.java] homeList - <==      Total: 2
[DEBUG] 2024-04-01 20:51:08.632 [http-nio-8080-exec-1][Logger.java] SqlSessionUtils - Closing non transactional SqlSession [org.apache.ibatis.session.defaults.DefaultSqlSession@25e2c98d]
[DEBUG] 2024-04-01 20:51:08.637 [http-nio-8080-exec-1][Logger.java] SqlSessionUtils - Creating a new SqlSession
[DEBUG] 2024-04-01 20:51:08.637 [http-nio-8080-exec-1][Logger.java] SqlSessionUtils - SqlSession [org.apache.ibatis.session.defaults.DefaultSqlSession@8f19a19] was not registered for synchronization because synchronization is not active
[DEBUG] 2024-04-01 20:51:08.637 [http-nio-8080-exec-1][DataSourceUtils.java] DataSourceUtils - Fetching JDBC Connection from DataSource
[DEBUG] 2024-04-01 20:51:08.637 [http-nio-8080-exec-1][Logger.java] SpringManagedTransaction - JDBC Connection [HikariProxyConnection@1601663375 wrapping com.mysql.cj.jdbc.ConnectionImpl@1465108f] will not be managed by Spring
[DEBUG] 2024-04-01 20:51:08.637 [http-nio-8080-exec-1][BaseJdbcLogger.java] homeList - ==>  Preparing: SELECT row_number() over(order by id desc) as num , id , title , content , system_registrar_id , system_updater_id , DATE_FORMAT(system_registrar_datetime, '%Y-%m-%d') AS system_registrar_datetime , DATE_FORMAT(system_update_datetime, '%Y-%m-%d') AS system_update_datetime FROM new_board
[DEBUG] 2024-04-01 20:51:08.637 [http-nio-8080-exec-1][BaseJdbcLogger.java] homeList - ==> Parameters: 
[DEBUG] 2024-04-01 20:51:08.639 [http-nio-8080-exec-1][BaseJdbcLogger.java] homeList - <==      Total: 2
[DEBUG] 2024-04-01 20:51:08.639 [http-nio-8080-exec-1][Logger.java] SqlSessionUtils - Closing non transactional SqlSession [org.apache.ibatis.session.defaults.DefaultSqlSession@8f19a19]
[DEBUG] 2024-04-01 20:51:08.646 [http-nio-8080-exec-1][ContentNegotiatingViewResolver.java] ContentNegotiatingViewResolver - Selected 'text/html' given [text/html, application/xhtml+xml, image/avif, image/webp, image/apng, application/xml;q=0.9, application/signed-exchange;v=b3;q=0.7, */*;q=0.8]
[DEBUG] 2024-04-01 20:51:08.646 [http-nio-8080-exec-1][AbstractView.java] JstlView - View name 'jsp/index', model {list=[HomeDTO(num=1, id=22, title=a, content=a, systemRegistrarId=a, systemUpdaterId=null, systemRegistrarDatetime=2024-03-31, systemUpdateDatetime=2024-03-31), HomeDTO(num=2, id=15, title=커피, content=커피의 맛, systemRegistrarId=표현경, systemUpdaterId=표현경, systemRegistrarDatetime=2024-03-29, systemUpdateDatetime=2024-03-29)]}
[DEBUG] 2024-04-01 20:51:08.649 [http-nio-8080-exec-1][InternalResourceView.java] JstlView - Forwarding to [/WEB-INF/views/jsp/index.jsp]
[DEBUG] 2024-04-01 20:51:09.319 [http-nio-8080-exec-1][OpenEntityManagerInViewInterceptor.java] OpenEntityManagerInViewInterceptor - Closing JPA EntityManager in OpenEntityManagerInViewInterceptor
[DEBUG] 2024-04-01 20:51:09.321 [http-nio-8080-exec-1][FrameworkServlet.java] DispatcherServlet - Completed 200 OK
[DEBUG] 2024-04-01 20:51:09.339 [http-nio-8080-exec-2][LogFormatUtils.java] DispatcherServlet - GET "/assets/vendor/bootstrap/css/bootstrap.min.css", parameters={}
[DEBUG] 2024-04-01 20:51:09.340 [http-nio-8080-exec-6][LogFormatUtils.java] DispatcherServlet - GET "/assets/vendor/boxicons/css/boxicons.min.css", parameters={}
[DEBUG] 2024-04-01 20:51:09.342 [http-nio-8080-exec-3][LogFormatUtils.java] DispatcherServlet - GET "/assets/vendor/bootstrap-icons/bootstrap-icons.css", parameters={}
[DEBUG] 2024-04-01 20:51:09.343 [http-nio-8080-exec-9][LogFormatUtils.java] DispatcherServlet - GET "/assets/vendor/remixicon/remixicon.css", parameters={}
[DEBUG] 2024-04-01 20:51:09.340 [http-nio-8080-exec-5][LogFormatUtils.java] DispatcherServlet - GET "/assets/vendor/quill/quill.snow.css", parameters={}
[DEBUG] 2024-04-01 20:51:09.342 [http-nio-8080-exec-4][LogFormatUtils.java] DispatcherServlet - GET "/assets/vendor/quill/quill.bubble.css", parameters={}
[DEBUG] 2024-04-01 20:51:09.348 [http-nio-8080-exec-4][AbstractHandlerMapping.java] SimpleUrlHandlerMapping - Mapped to ResourceHttpRequestHandler [classpath [META-INF/resources/], classpath [resources/], classpath [static/], classpath [public/], ServletContext [/]]
[DEBUG] 2024-04-01 20:51:09.348 [http-nio-8080-exec-3][AbstractHandlerMapping.java] SimpleUrlHandlerMapping - Mapped to ResourceHttpRequestHandler [classpath [META-INF/resources/], classpath [resources/], classpath [static/], classpath [public/], ServletContext [/]]
[DEBUG] 2024-04-01 20:51:09.348 [http-nio-8080-exec-6][AbstractHandlerMapping.java] SimpleUrlHandlerMapping - Mapped to ResourceHttpRequestHandler [classpath [META-INF/resources/], classpath [resources/], classpath [static/], classpath [public/], ServletContext [/]]
[DEBUG] 2024-04-01 20:51:09.348 [http-nio-8080-exec-5][AbstractHandlerMapping.java] SimpleUrlHandlerMapping - Mapped to ResourceHttpRequestHandler [classpath [META-INF/resources/], classpath [resources/], classpath [static/], classpath [public/], ServletContext [/]]
[DEBUG] 2024-04-01 20:51:09.348 [http-nio-8080-exec-9][AbstractHandlerMapping.java] SimpleUrlHandlerMapping - Mapped to ResourceHttpRequestHandler [classpath [META-INF/resources/], classpath [resources/], classpath [static/], classpath [public/], ServletContext [/]]
[DEBUG] 2024-04-01 20:51:09.348 [http-nio-8080-exec-2][AbstractHandlerMapping.java] SimpleUrlHandlerMapping - Mapped to ResourceHttpRequestHandler [classpath [META-INF/resources/], classpath [resources/], classpath [static/], classpath [public/], ServletContext [/]]
[DEBUG] 2024-04-01 20:51:09.349 [http-nio-8080-exec-9][OpenEntityManagerInViewInterceptor.java] OpenEntityManagerInViewInterceptor - Opening JPA EntityManager in OpenEntityManagerInViewInterceptor
[DEBUG] 2024-04-01 20:51:09.349 [http-nio-8080-exec-2][OpenEntityManagerInViewInterceptor.java] OpenEntityManagerInViewInterceptor - Opening JPA EntityManager in OpenEntityManagerInViewInterceptor
[DEBUG] 2024-04-01 20:51:09.349 [http-nio-8080-exec-5][OpenEntityManagerInViewInterceptor.java] OpenEntityManagerInViewInterceptor - Opening JPA EntityManager in OpenEntityManagerInViewInterceptor
[DEBUG] 2024-04-01 20:51:09.349 [http-nio-8080-exec-6][OpenEntityManagerInViewInterceptor.java] OpenEntityManagerInViewInterceptor - Opening JPA EntityManager in OpenEntityManagerInViewInterceptor
[DEBUG] 2024-04-01 20:51:09.349 [http-nio-8080-exec-4][OpenEntityManagerInViewInterceptor.java] OpenEntityManagerInViewInterceptor - Opening JPA EntityManager in OpenEntityManagerInViewInterceptor
[DEBUG] 2024-04-01 20:51:09.349 [http-nio-8080-exec-3][OpenEntityManagerInViewInterceptor.java] OpenEntityManagerInViewInterceptor - Opening JPA EntityManager in OpenEntityManagerInViewInterceptor
[DEBUG] 2024-04-01 20:51:09.360 [http-nio-8080-exec-5][OpenEntityManagerInViewInterceptor.java] OpenEntityManagerInViewInterceptor - Closing JPA EntityManager in OpenEntityManagerInViewInterceptor
[DEBUG] 2024-04-01 20:51:09.360 [http-nio-8080-exec-4][OpenEntityManagerInViewInterceptor.java] OpenEntityManagerInViewInterceptor - Closing JPA EntityManager in OpenEntityManagerInViewInterceptor
[DEBUG] 2024-04-01 20:51:09.360 [http-nio-8080-exec-4][FrameworkServlet.java] DispatcherServlet - Completed 200 OK
[DEBUG] 2024-04-01 20:51:09.360 [http-nio-8080-exec-5][FrameworkServlet.java] DispatcherServlet - Completed 200 OK
[DEBUG] 2024-04-01 20:51:09.361 [http-nio-8080-exec-3][OpenEntityManagerInViewInterceptor.java] OpenEntityManagerInViewInterceptor - Closing JPA EntityManager in OpenEntityManagerInViewInterceptor
[DEBUG] 2024-04-01 20:51:09.361 [http-nio-8080-exec-6][OpenEntityManagerInViewInterceptor.java] OpenEntityManagerInViewInterceptor - Closing JPA EntityManager in OpenEntityManagerInViewInterceptor
[DEBUG] 2024-04-01 20:51:09.361 [http-nio-8080-exec-3][FrameworkServlet.java] DispatcherServlet - Completed 200 OK
[DEBUG] 2024-04-01 20:51:09.361 [http-nio-8080-exec-6][FrameworkServlet.java] DispatcherServlet - Completed 200 OK
[DEBUG] 2024-04-01 20:51:09.362 [http-nio-8080-exec-9][OpenEntityManagerInViewInterceptor.java] OpenEntityManagerInViewInterceptor - Closing JPA EntityManager in OpenEntityManagerInViewInterceptor
[DEBUG] 2024-04-01 20:51:09.362 [http-nio-8080-exec-9][FrameworkServlet.java] DispatcherServlet - Completed 200 OK
[DEBUG] 2024-04-01 20:51:09.363 [http-nio-8080-exec-2][OpenEntityManagerInViewInterceptor.java] OpenEntityManagerInViewInterceptor - Closing JPA EntityManager in OpenEntityManagerInViewInterceptor
[DEBUG] 2024-04-01 20:51:09.363 [http-nio-8080-exec-2][FrameworkServlet.java] DispatcherServlet - Completed 200 OK
[DEBUG] 2024-04-01 20:51:09.365 [http-nio-8080-exec-8][LogFormatUtils.java] DispatcherServlet - GET "/assets/vendor/simple-datatables/style.css", parameters={}
[DEBUG] 2024-04-01 20:51:09.365 [http-nio-8080-exec-7][LogFormatUtils.java] DispatcherServlet - GET "/assets/css/style.css", parameters={}
[DEBUG] 2024-04-01 20:51:09.366 [http-nio-8080-exec-7][AbstractHandlerMapping.java] SimpleUrlHandlerMapping - Mapped to ResourceHttpRequestHandler [classpath [META-INF/resources/], classpath [resources/], classpath [static/], classpath [public/], ServletContext [/]]
[DEBUG] 2024-04-01 20:51:09.366 [http-nio-8080-exec-8][AbstractHandlerMapping.java] SimpleUrlHandlerMapping - Mapped to ResourceHttpRequestHandler [classpath [META-INF/resources/], classpath [resources/], classpath [static/], classpath [public/], ServletContext [/]]
[DEBUG] 2024-04-01 20:51:09.366 [http-nio-8080-exec-8][OpenEntityManagerInViewInterceptor.java] OpenEntityManagerInViewInterceptor - Opening JPA EntityManager in OpenEntityManagerInViewInterceptor
[DEBUG] 2024-04-01 20:51:09.367 [http-nio-8080-exec-1][LogFormatUtils.java] DispatcherServlet - GET "/assets/img/messages-1.jpg", parameters={}
[DEBUG] 2024-04-01 20:51:09.366 [http-nio-8080-exec-7][OpenEntityManagerInViewInterceptor.java] OpenEntityManagerInViewInterceptor - Opening JPA EntityManager in OpenEntityManagerInViewInterceptor
[DEBUG] 2024-04-01 20:51:09.367 [http-nio-8080-exec-4][LogFormatUtils.java] DispatcherServlet - GET "/assets/img/messages-2.jpg", parameters={}
[DEBUG] 2024-04-01 20:51:09.368 [http-nio-8080-exec-1][AbstractHandlerMapping.java] SimpleUrlHandlerMapping - Mapped to ResourceHttpRequestHandler [classpath [META-INF/resources/], classpath [resources/], classpath [static/], classpath [public/], ServletContext [/]]
[DEBUG] 2024-04-01 20:51:09.368 [http-nio-8080-exec-10][LogFormatUtils.java] DispatcherServlet - GET "/assets/img/logo.png", parameters={}
[DEBUG] 2024-04-01 20:51:09.368 [http-nio-8080-exec-1][OpenEntityManagerInViewInterceptor.java] OpenEntityManagerInViewInterceptor - Opening JPA EntityManager in OpenEntityManagerInViewInterceptor
[DEBUG] 2024-04-01 20:51:09.368 [http-nio-8080-exec-10][AbstractHandlerMapping.java] SimpleUrlHandlerMapping - Mapped to ResourceHttpRequestHandler [classpath [META-INF/resources/], classpath [resources/], classpath [static/], classpath [public/], ServletContext [/]]
[DEBUG] 2024-04-01 20:51:09.368 [http-nio-8080-exec-4][AbstractHandlerMapping.java] SimpleUrlHandlerMapping - Mapped to ResourceHttpRequestHandler [classpath [META-INF/resources/], classpath [resources/], classpath [static/], classpath [public/], ServletContext [/]]
[DEBUG] 2024-04-01 20:51:09.369 [http-nio-8080-exec-10][OpenEntityManagerInViewInterceptor.java] OpenEntityManagerInViewInterceptor - Opening JPA EntityManager in OpenEntityManagerInViewInterceptor
[DEBUG] 2024-04-01 20:51:09.369 [http-nio-8080-exec-4][OpenEntityManagerInViewInterceptor.java] OpenEntityManagerInViewInterceptor - Opening JPA EntityManager in OpenEntityManagerInViewInterceptor
[DEBUG] 2024-04-01 20:51:09.370 [http-nio-8080-exec-7][OpenEntityManagerInViewInterceptor.java] OpenEntityManagerInViewInterceptor - Closing JPA EntityManager in OpenEntityManagerInViewInterceptor
[DEBUG] 2024-04-01 20:51:09.370 [http-nio-8080-exec-7][FrameworkServlet.java] DispatcherServlet - Completed 200 OK
[DEBUG] 2024-04-01 20:51:09.370 [http-nio-8080-exec-8][OpenEntityManagerInViewInterceptor.java] OpenEntityManagerInViewInterceptor - Closing JPA EntityManager in OpenEntityManagerInViewInterceptor
[DEBUG] 2024-04-01 20:51:09.371 [http-nio-8080-exec-1][OpenEntityManagerInViewInterceptor.java] OpenEntityManagerInViewInterceptor - Closing JPA EntityManager in OpenEntityManagerInViewInterceptor
[DEBUG] 2024-04-01 20:51:09.371 [http-nio-8080-exec-8][FrameworkServlet.java] DispatcherServlet - Completed 200 OK
[DEBUG] 2024-04-01 20:51:09.372 [http-nio-8080-exec-10][OpenEntityManagerInViewInterceptor.java] OpenEntityManagerInViewInterceptor - Closing JPA EntityManager in OpenEntityManagerInViewInterceptor
[DEBUG] 2024-04-01 20:51:09.371 [http-nio-8080-exec-5][LogFormatUtils.java] DispatcherServlet - GET "/assets/img/messages-3.jpg", parameters={}
[DEBUG] 2024-04-01 20:51:09.372 [http-nio-8080-exec-10][FrameworkServlet.java] DispatcherServlet - Completed 200 OK
[DEBUG] 2024-04-01 20:51:09.372 [http-nio-8080-exec-1][FrameworkServlet.java] DispatcherServlet - Completed 200 OK
[DEBUG] 2024-04-01 20:51:09.373 [http-nio-8080-exec-4][OpenEntityManagerInViewInterceptor.java] OpenEntityManagerInViewInterceptor - Closing JPA EntityManager in OpenEntityManagerInViewInterceptor
[DEBUG] 2024-04-01 20:51:09.373 [http-nio-8080-exec-4][FrameworkServlet.java] DispatcherServlet - Completed 200 OK
[DEBUG] 2024-04-01 20:51:09.374 [http-nio-8080-exec-5][AbstractHandlerMapping.java] SimpleUrlHandlerMapping - Mapped to ResourceHttpRequestHandler [classpath [META-INF/resources/], classpath [resources/], classpath [static/], classpath [public/], ServletContext [/]]
[DEBUG] 2024-04-01 20:51:09.375 [http-nio-8080-exec-5][OpenEntityManagerInViewInterceptor.java] OpenEntityManagerInViewInterceptor - Opening JPA EntityManager in OpenEntityManagerInViewInterceptor
[DEBUG] 2024-04-01 20:51:09.376 [http-nio-8080-exec-3][LogFormatUtils.java] DispatcherServlet - GET "/assets/img/profile-img.jpg", parameters={}
[DEBUG] 2024-04-01 20:51:09.376 [http-nio-8080-exec-2][LogFormatUtils.java] DispatcherServlet - GET "/assets/vendor/chart.js/chart.umd.js", parameters={}
[DEBUG] 2024-04-01 20:51:09.376 [http-nio-8080-exec-9][LogFormatUtils.java] DispatcherServlet - GET "/assets/vendor/bootstrap/js/bootstrap.bundle.min.js", parameters={}
[DEBUG] 2024-04-01 20:51:09.377 [http-nio-8080-exec-3][AbstractHandlerMapping.java] SimpleUrlHandlerMapping - Mapped to ResourceHttpRequestHandler [classpath [META-INF/resources/], classpath [resources/], classpath [static/], classpath [public/], ServletContext [/]]
[DEBUG] 2024-04-01 20:51:09.377 [http-nio-8080-exec-2][AbstractHandlerMapping.java] SimpleUrlHandlerMapping - Mapped to ResourceHttpRequestHandler [classpath [META-INF/resources/], classpath [resources/], classpath [static/], classpath [public/], ServletContext [/]]
[DEBUG] 2024-04-01 20:51:09.377 [http-nio-8080-exec-9][AbstractHandlerMapping.java] SimpleUrlHandlerMapping - Mapped to ResourceHttpRequestHandler [classpath [META-INF/resources/], classpath [resources/], classpath [static/], classpath [public/], ServletContext [/]]
[DEBUG] 2024-04-01 20:51:09.377 [http-nio-8080-exec-3][OpenEntityManagerInViewInterceptor.java] OpenEntityManagerInViewInterceptor - Opening JPA EntityManager in OpenEntityManagerInViewInterceptor
[DEBUG] 2024-04-01 20:51:09.377 [http-nio-8080-exec-9][OpenEntityManagerInViewInterceptor.java] OpenEntityManagerInViewInterceptor - Opening JPA EntityManager in OpenEntityManagerInViewInterceptor
[DEBUG] 2024-04-01 20:51:09.377 [http-nio-8080-exec-2][OpenEntityManagerInViewInterceptor.java] OpenEntityManagerInViewInterceptor - Opening JPA EntityManager in OpenEntityManagerInViewInterceptor
[DEBUG] 2024-04-01 20:51:09.376 [http-nio-8080-exec-6][LogFormatUtils.java] DispatcherServlet - GET "/assets/vendor/apexcharts/apexcharts.min.js", parameters={}
[DEBUG] 2024-04-01 20:51:09.378 [http-nio-8080-exec-7][LogFormatUtils.java] DispatcherServlet - GET "/assets/vendor/echarts/echarts.min.js", parameters={}
[DEBUG] 2024-04-01 20:51:09.378 [http-nio-8080-exec-6][AbstractHandlerMapping.java] SimpleUrlHandlerMapping - Mapped to ResourceHttpRequestHandler [classpath [META-INF/resources/], classpath [resources/], classpath [static/], classpath [public/], ServletContext [/]]
[DEBUG] 2024-04-01 20:51:09.378 [http-nio-8080-exec-7][AbstractHandlerMapping.java] SimpleUrlHandlerMapping - Mapped to ResourceHttpRequestHandler [classpath [META-INF/resources/], classpath [resources/], classpath [static/], classpath [public/], ServletContext [/]]
[DEBUG] 2024-04-01 20:51:09.379 [http-nio-8080-exec-6][OpenEntityManagerInViewInterceptor.java] OpenEntityManagerInViewInterceptor - Opening JPA EntityManager in OpenEntityManagerInViewInterceptor
[DEBUG] 2024-04-01 20:51:09.379 [http-nio-8080-exec-7][OpenEntityManagerInViewInterceptor.java] OpenEntityManagerInViewInterceptor - Opening JPA EntityManager in OpenEntityManagerInViewInterceptor
[DEBUG] 2024-04-01 20:51:09.381 [http-nio-8080-exec-5][OpenEntityManagerInViewInterceptor.java] OpenEntityManagerInViewInterceptor - Closing JPA EntityManager in OpenEntityManagerInViewInterceptor
[DEBUG] 2024-04-01 20:51:09.381 [http-nio-8080-exec-5][FrameworkServlet.java] DispatcherServlet - Completed 200 OK
[DEBUG] 2024-04-01 20:51:09.384 [http-nio-8080-exec-9][OpenEntityManagerInViewInterceptor.java] OpenEntityManagerInViewInterceptor - Closing JPA EntityManager in OpenEntityManagerInViewInterceptor
[DEBUG] 2024-04-01 20:51:09.385 [http-nio-8080-exec-3][OpenEntityManagerInViewInterceptor.java] OpenEntityManagerInViewInterceptor - Closing JPA EntityManager in OpenEntityManagerInViewInterceptor
[DEBUG] 2024-04-01 20:51:09.385 [http-nio-8080-exec-8][LogFormatUtils.java] DispatcherServlet - GET "/assets/vendor/quill/quill.min.js", parameters={}
[DEBUG] 2024-04-01 20:51:09.385 [http-nio-8080-exec-3][FrameworkServlet.java] DispatcherServlet - Completed 200 OK
[DEBUG] 2024-04-01 20:51:09.385 [http-nio-8080-exec-9][FrameworkServlet.java] DispatcherServlet - Completed 200 OK
[DEBUG] 2024-04-01 20:51:09.387 [http-nio-8080-exec-8][AbstractHandlerMapping.java] SimpleUrlHandlerMapping - Mapped to ResourceHttpRequestHandler [classpath [META-INF/resources/], classpath [resources/], classpath [static/], classpath [public/], ServletContext [/]]
[DEBUG] 2024-04-01 20:51:09.387 [http-nio-8080-exec-8][OpenEntityManagerInViewInterceptor.java] OpenEntityManagerInViewInterceptor - Opening JPA EntityManager in OpenEntityManagerInViewInterceptor
[DEBUG] 2024-04-01 20:51:09.390 [http-nio-8080-exec-6][OpenEntityManagerInViewInterceptor.java] OpenEntityManagerInViewInterceptor - Closing JPA EntityManager in OpenEntityManagerInViewInterceptor
[DEBUG] 2024-04-01 20:51:09.391 [http-nio-8080-exec-6][FrameworkServlet.java] DispatcherServlet - Completed 200 OK
[DEBUG] 2024-04-01 20:51:09.394 [http-nio-8080-exec-10][LogFormatUtils.java] DispatcherServlet - GET "/assets/vendor/simple-datatables/simple-datatables.js", parameters={}
[DEBUG] 2024-04-01 20:51:09.394 [http-nio-8080-exec-10][AbstractHandlerMapping.java] SimpleUrlHandlerMapping - Mapped to ResourceHttpRequestHandler [classpath [META-INF/resources/], classpath [resources/], classpath [static/], classpath [public/], ServletContext [/]]
[DEBUG] 2024-04-01 20:51:09.395 [http-nio-8080-exec-10][OpenEntityManagerInViewInterceptor.java] OpenEntityManagerInViewInterceptor - Opening JPA EntityManager in OpenEntityManagerInViewInterceptor
[DEBUG] 2024-04-01 20:51:09.395 [http-nio-8080-exec-1][LogFormatUtils.java] DispatcherServlet - GET "/assets/vendor/tinymce/tinymce.min.js", parameters={}
[DEBUG] 2024-04-01 20:51:09.396 [http-nio-8080-exec-1][AbstractHandlerMapping.java] SimpleUrlHandlerMapping - Mapped to ResourceHttpRequestHandler [classpath [META-INF/resources/], classpath [resources/], classpath [static/], classpath [public/], ServletContext [/]]
[DEBUG] 2024-04-01 20:51:09.396 [http-nio-8080-exec-2][OpenEntityManagerInViewInterceptor.java] OpenEntityManagerInViewInterceptor - Closing JPA EntityManager in OpenEntityManagerInViewInterceptor
[DEBUG] 2024-04-01 20:51:09.396 [http-nio-8080-exec-1][OpenEntityManagerInViewInterceptor.java] OpenEntityManagerInViewInterceptor - Opening JPA EntityManager in OpenEntityManagerInViewInterceptor
[DEBUG] 2024-04-01 20:51:09.397 [http-nio-8080-exec-8][OpenEntityManagerInViewInterceptor.java] OpenEntityManagerInViewInterceptor - Closing JPA EntityManager in OpenEntityManagerInViewInterceptor
[DEBUG] 2024-04-01 20:51:09.397 [http-nio-8080-exec-2][FrameworkServlet.java] DispatcherServlet - Completed 200 OK
[DEBUG] 2024-04-01 20:51:09.397 [http-nio-8080-exec-8][FrameworkServlet.java] DispatcherServlet - Completed 200 OK
[DEBUG] 2024-04-01 20:51:09.398 [http-nio-8080-exec-7][OpenEntityManagerInViewInterceptor.java] OpenEntityManagerInViewInterceptor - Closing JPA EntityManager in OpenEntityManagerInViewInterceptor
[DEBUG] 2024-04-01 20:51:09.398 [http-nio-8080-exec-7][FrameworkServlet.java] DispatcherServlet - Completed 200 OK
[DEBUG] 2024-04-01 20:51:09.399 [http-nio-8080-exec-10][OpenEntityManagerInViewInterceptor.java] OpenEntityManagerInViewInterceptor - Closing JPA EntityManager in OpenEntityManagerInViewInterceptor
[DEBUG] 2024-04-01 20:51:09.399 [http-nio-8080-exec-10][FrameworkServlet.java] DispatcherServlet - Completed 200 OK
[DEBUG] 2024-04-01 20:51:09.403 [http-nio-8080-exec-10][LogFormatUtils.java] DispatcherServlet - GET "/assets/js/main.js", parameters={}
[DEBUG] 2024-04-01 20:51:09.404 [http-nio-8080-exec-10][AbstractHandlerMapping.java] SimpleUrlHandlerMapping - Mapped to ResourceHttpRequestHandler [classpath [META-INF/resources/], classpath [resources/], classpath [static/], classpath [public/], ServletContext [/]]
[DEBUG] 2024-04-01 20:51:09.405 [http-nio-8080-exec-10][OpenEntityManagerInViewInterceptor.java] OpenEntityManagerInViewInterceptor - Opening JPA EntityManager in OpenEntityManagerInViewInterceptor
[DEBUG] 2024-04-01 20:51:09.401 [http-nio-8080-exec-4][LogFormatUtils.java] DispatcherServlet - GET "/assets/vendor/php-email-form/validate.js", parameters={}
[DEBUG] 2024-04-01 20:51:09.405 [http-nio-8080-exec-1][OpenEntityManagerInViewInterceptor.java] OpenEntityManagerInViewInterceptor - Closing JPA EntityManager in OpenEntityManagerInViewInterceptor
[DEBUG] 2024-04-01 20:51:09.406 [http-nio-8080-exec-1][FrameworkServlet.java] DispatcherServlet - Completed 200 OK
[DEBUG] 2024-04-01 20:51:09.406 [http-nio-8080-exec-4][AbstractHandlerMapping.java] SimpleUrlHandlerMapping - Mapped to ResourceHttpRequestHandler [classpath [META-INF/resources/], classpath [resources/], classpath [static/], classpath [public/], ServletContext [/]]
[DEBUG] 2024-04-01 20:51:09.407 [http-nio-8080-exec-4][OpenEntityManagerInViewInterceptor.java] OpenEntityManagerInViewInterceptor - Opening JPA EntityManager in OpenEntityManagerInViewInterceptor
[DEBUG] 2024-04-01 20:51:09.408 [http-nio-8080-exec-6][LogFormatUtils.java] DispatcherServlet - GET "/assets/img/product-3.jpg", parameters={}
[DEBUG] 2024-04-01 20:51:09.408 [http-nio-8080-exec-3][LogFormatUtils.java] DispatcherServlet - GET "/assets/img/product-1.jpg", parameters={}
[DEBUG] 2024-04-01 20:51:09.410 [http-nio-8080-exec-9][LogFormatUtils.java] DispatcherServlet - GET "/assets/img/product-2.jpg", parameters={}
[DEBUG] 2024-04-01 20:51:09.409 [http-nio-8080-exec-6][AbstractHandlerMapping.java] SimpleUrlHandlerMapping - Mapped to ResourceHttpRequestHandler [classpath [META-INF/resources/], classpath [resources/], classpath [static/], classpath [public/], ServletContext [/]]
[DEBUG] 2024-04-01 20:51:09.410 [http-nio-8080-exec-8][LogFormatUtils.java] DispatcherServlet - GET "/assets/img/product-4.jpg", parameters={}
[DEBUG] 2024-04-01 20:51:09.411 [http-nio-8080-exec-6][OpenEntityManagerInViewInterceptor.java] OpenEntityManagerInViewInterceptor - Opening JPA EntityManager in OpenEntityManagerInViewInterceptor
[DEBUG] 2024-04-01 20:51:09.412 [http-nio-8080-exec-9][AbstractHandlerMapping.java] SimpleUrlHandlerMapping - Mapped to ResourceHttpRequestHandler [classpath [META-INF/resources/], classpath [resources/], classpath [static/], classpath [public/], ServletContext [/]]
[DEBUG] 2024-04-01 20:51:09.413 [http-nio-8080-exec-8][AbstractHandlerMapping.java] SimpleUrlHandlerMapping - Mapped to ResourceHttpRequestHandler [classpath [META-INF/resources/], classpath [resources/], classpath [static/], classpath [public/], ServletContext [/]]
[DEBUG] 2024-04-01 20:51:09.410 [http-nio-8080-exec-10][OpenEntityManagerInViewInterceptor.java] OpenEntityManagerInViewInterceptor - Closing JPA EntityManager in OpenEntityManagerInViewInterceptor
[DEBUG] 2024-04-01 20:51:09.413 [http-nio-8080-exec-9][OpenEntityManagerInViewInterceptor.java] OpenEntityManagerInViewInterceptor - Opening JPA EntityManager in OpenEntityManagerInViewInterceptor
[DEBUG] 2024-04-01 20:51:09.413 [http-nio-8080-exec-8][OpenEntityManagerInViewInterceptor.java] OpenEntityManagerInViewInterceptor - Opening JPA EntityManager in OpenEntityManagerInViewInterceptor
[DEBUG] 2024-04-01 20:51:09.413 [http-nio-8080-exec-10][FrameworkServlet.java] DispatcherServlet - Completed 200 OK
[DEBUG] 2024-04-01 20:51:09.414 [http-nio-8080-exec-3][AbstractHandlerMapping.java] SimpleUrlHandlerMapping - Mapped to ResourceHttpRequestHandler [classpath [META-INF/resources/], classpath [resources/], classpath [static/], classpath [public/], ServletContext [/]]
[DEBUG] 2024-04-01 20:51:09.414 [http-nio-8080-exec-3][OpenEntityManagerInViewInterceptor.java] OpenEntityManagerInViewInterceptor - Opening JPA EntityManager in OpenEntityManagerInViewInterceptor
[DEBUG] 2024-04-01 20:51:09.416 [http-nio-8080-exec-6][OpenEntityManagerInViewInterceptor.java] OpenEntityManagerInViewInterceptor - Closing JPA EntityManager in OpenEntityManagerInViewInterceptor
[DEBUG] 2024-04-01 20:51:09.416 [http-nio-8080-exec-6][FrameworkServlet.java] DispatcherServlet - Completed 200 OK
[DEBUG] 2024-04-01 20:51:09.418 [http-nio-8080-exec-4][OpenEntityManagerInViewInterceptor.java] OpenEntityManagerInViewInterceptor - Closing JPA EntityManager in OpenEntityManagerInViewInterceptor
[DEBUG] 2024-04-01 20:51:09.419 [http-nio-8080-exec-4][FrameworkServlet.java] DispatcherServlet - Completed 200 OK
[DEBUG] 2024-04-01 20:51:09.419 [http-nio-8080-exec-3][OpenEntityManagerInViewInterceptor.java] OpenEntityManagerInViewInterceptor - Closing JPA EntityManager in OpenEntityManagerInViewInterceptor
[DEBUG] 2024-04-01 20:51:09.419 [http-nio-8080-exec-3][FrameworkServlet.java] DispatcherServlet - Completed 200 OK
[DEBUG] 2024-04-01 20:51:09.420 [http-nio-8080-exec-8][OpenEntityManagerInViewInterceptor.java] OpenEntityManagerInViewInterceptor - Closing JPA EntityManager in OpenEntityManagerInViewInterceptor
[DEBUG] 2024-04-01 20:51:09.419 [http-nio-8080-exec-9][OpenEntityManagerInViewInterceptor.java] OpenEntityManagerInViewInterceptor - Closing JPA EntityManager in OpenEntityManagerInViewInterceptor
[DEBUG] 2024-04-01 20:51:09.420 [http-nio-8080-exec-8][FrameworkServlet.java] DispatcherServlet - Completed 200 OK
[DEBUG] 2024-04-01 20:51:09.420 [http-nio-8080-exec-9][FrameworkServlet.java] DispatcherServlet - Completed 200 OK
[DEBUG] 2024-04-01 20:51:09.423 [http-nio-8080-exec-7][LogFormatUtils.java] DispatcherServlet - GET "/assets/img/news-1.jpg", parameters={}
[DEBUG] 2024-04-01 20:51:09.423 [http-nio-8080-exec-2][LogFormatUtils.java] DispatcherServlet - GET "/assets/img/product-5.jpg", parameters={}
[DEBUG] 2024-04-01 20:51:09.423 [http-nio-8080-exec-5][LogFormatUtils.java] DispatcherServlet - GET "/assets/img/news-2.jpg", parameters={}
[DEBUG] 2024-04-01 20:51:09.424 [http-nio-8080-exec-2][AbstractHandlerMapping.java] SimpleUrlHandlerMapping - Mapped to ResourceHttpRequestHandler [classpath [META-INF/resources/], classpath [resources/], classpath [static/], classpath [public/], ServletContext [/]]
[DEBUG] 2024-04-01 20:51:09.424 [http-nio-8080-exec-7][AbstractHandlerMapping.java] SimpleUrlHandlerMapping - Mapped to ResourceHttpRequestHandler [classpath [META-INF/resources/], classpath [resources/], classpath [static/], classpath [public/], ServletContext [/]]
[DEBUG] 2024-04-01 20:51:09.424 [http-nio-8080-exec-2][OpenEntityManagerInViewInterceptor.java] OpenEntityManagerInViewInterceptor - Opening JPA EntityManager in OpenEntityManagerInViewInterceptor
[DEBUG] 2024-04-01 20:51:09.425 [http-nio-8080-exec-10][LogFormatUtils.java] DispatcherServlet - GET "/assets/img/news-4.jpg", parameters={}
[DEBUG] 2024-04-01 20:51:09.424 [http-nio-8080-exec-7][OpenEntityManagerInViewInterceptor.java] OpenEntityManagerInViewInterceptor - Opening JPA EntityManager in OpenEntityManagerInViewInterceptor
[DEBUG] 2024-04-01 20:51:09.425 [http-nio-8080-exec-5][AbstractHandlerMapping.java] SimpleUrlHandlerMapping - Mapped to ResourceHttpRequestHandler [classpath [META-INF/resources/], classpath [resources/], classpath [static/], classpath [public/], ServletContext [/]]
[DEBUG] 2024-04-01 20:51:09.425 [http-nio-8080-exec-6][LogFormatUtils.java] DispatcherServlet - GET "/assets/img/news-5.jpg", parameters={}
[DEBUG] 2024-04-01 20:51:09.425 [http-nio-8080-exec-1][LogFormatUtils.java] DispatcherServlet - GET "/assets/img/news-3.jpg", parameters={}
[DEBUG] 2024-04-01 20:51:09.425 [http-nio-8080-exec-5][OpenEntityManagerInViewInterceptor.java] OpenEntityManagerInViewInterceptor - Opening JPA EntityManager in OpenEntityManagerInViewInterceptor
[DEBUG] 2024-04-01 20:51:09.426 [http-nio-8080-exec-1][AbstractHandlerMapping.java] SimpleUrlHandlerMapping - Mapped to ResourceHttpRequestHandler [classpath [META-INF/resources/], classpath [resources/], classpath [static/], classpath [public/], ServletContext [/]]
[DEBUG] 2024-04-01 20:51:09.426 [http-nio-8080-exec-6][AbstractHandlerMapping.java] SimpleUrlHandlerMapping - Mapped to ResourceHttpRequestHandler [classpath [META-INF/resources/], classpath [resources/], classpath [static/], classpath [public/], ServletContext [/]]
[DEBUG] 2024-04-01 20:51:09.426 [http-nio-8080-exec-10][AbstractHandlerMapping.java] SimpleUrlHandlerMapping - Mapped to ResourceHttpRequestHandler [classpath [META-INF/resources/], classpath [resources/], classpath [static/], classpath [public/], ServletContext [/]]
[DEBUG] 2024-04-01 20:51:09.426 [http-nio-8080-exec-1][OpenEntityManagerInViewInterceptor.java] OpenEntityManagerInViewInterceptor - Opening JPA EntityManager in OpenEntityManagerInViewInterceptor
[DEBUG] 2024-04-01 20:51:09.426 [http-nio-8080-exec-6][OpenEntityManagerInViewInterceptor.java] OpenEntityManagerInViewInterceptor - Opening JPA EntityManager in OpenEntityManagerInViewInterceptor
[DEBUG] 2024-04-01 20:51:09.426 [http-nio-8080-exec-10][OpenEntityManagerInViewInterceptor.java] OpenEntityManagerInViewInterceptor - Opening JPA EntityManager in OpenEntityManagerInViewInterceptor
[DEBUG] 2024-04-01 20:51:09.428 [http-nio-8080-exec-2][OpenEntityManagerInViewInterceptor.java] OpenEntityManagerInViewInterceptor - Closing JPA EntityManager in OpenEntityManagerInViewInterceptor
[DEBUG] 2024-04-01 20:51:09.428 [http-nio-8080-exec-2][FrameworkServlet.java] DispatcherServlet - Completed 200 OK
[DEBUG] 2024-04-01 20:51:09.430 [http-nio-8080-exec-7][OpenEntityManagerInViewInterceptor.java] OpenEntityManagerInViewInterceptor - Closing JPA EntityManager in OpenEntityManagerInViewInterceptor
[DEBUG] 2024-04-01 20:51:09.430 [http-nio-8080-exec-7][FrameworkServlet.java] DispatcherServlet - Completed 200 OK
[DEBUG] 2024-04-01 20:51:09.430 [http-nio-8080-exec-10][OpenEntityManagerInViewInterceptor.java] OpenEntityManagerInViewInterceptor - Closing JPA EntityManager in OpenEntityManagerInViewInterceptor
[DEBUG] 2024-04-01 20:51:09.430 [http-nio-8080-exec-10][FrameworkServlet.java] DispatcherServlet - Completed 200 OK
[DEBUG] 2024-04-01 20:51:09.431 [http-nio-8080-exec-1][OpenEntityManagerInViewInterceptor.java] OpenEntityManagerInViewInterceptor - Closing JPA EntityManager in OpenEntityManagerInViewInterceptor
[DEBUG] 2024-04-01 20:51:09.431 [http-nio-8080-exec-1][FrameworkServlet.java] DispatcherServlet - Completed 200 OK
[DEBUG] 2024-04-01 20:51:09.431 [http-nio-8080-exec-6][OpenEntityManagerInViewInterceptor.java] OpenEntityManagerInViewInterceptor - Closing JPA EntityManager in OpenEntityManagerInViewInterceptor
[DEBUG] 2024-04-01 20:51:09.432 [http-nio-8080-exec-6][FrameworkServlet.java] DispatcherServlet - Completed 200 OK
[DEBUG] 2024-04-01 20:51:09.435 [http-nio-8080-exec-5][OpenEntityManagerInViewInterceptor.java] OpenEntityManagerInViewInterceptor - Closing JPA EntityManager in OpenEntityManagerInViewInterceptor
[DEBUG] 2024-04-01 20:51:09.435 [http-nio-8080-exec-5][FrameworkServlet.java] DispatcherServlet - Completed 200 OK
[DEBUG] 2024-04-01 20:51:09.498 [http-nio-8080-exec-4][LogFormatUtils.java] DispatcherServlet - GET "/assets/vendor/bootstrap-icons/fonts/bootstrap-icons.woff2?dd67030699838ea613ee6dbda90effa6", parameters={masked}
[DEBUG] 2024-04-01 20:51:09.499 [http-nio-8080-exec-4][AbstractHandlerMapping.java] SimpleUrlHandlerMapping - Mapped to ResourceHttpRequestHandler [classpath [META-INF/resources/], classpath [resources/], classpath [static/], classpath [public/], ServletContext [/]]
[DEBUG] 2024-04-01 20:51:09.507 [http-nio-8080-exec-4][OpenEntityManagerInViewInterceptor.java] OpenEntityManagerInViewInterceptor - Opening JPA EntityManager in OpenEntityManagerInViewInterceptor
[DEBUG] 2024-04-01 20:51:09.512 [http-nio-8080-exec-4][OpenEntityManagerInViewInterceptor.java] OpenEntityManagerInViewInterceptor - Closing JPA EntityManager in OpenEntityManagerInViewInterceptor
[DEBUG] 2024-04-01 20:51:09.512 [http-nio-8080-exec-4][FrameworkServlet.java] DispatcherServlet - Completed 200 OK
[DEBUG] 2024-04-01 20:51:31.276 [HikariPool-1 housekeeper][HikariPool.java] HikariPool - HikariPool-1 - Pool stats (total=10, active=0, idle=10, waiting=0)
[DEBUG] 2024-04-01 20:51:31.277 [HikariPool-1 housekeeper][HikariPool.java] HikariPool - HikariPool-1 - Fill pool skipped, pool is at sufficient level.
[DEBUG] 2024-04-01 20:51:48.130 [SpringApplicationShutdownHook][ApplicationAvailabilityBean.java] ApplicationAvailabilityBean - Application availability state ReadinessState changed from ACCEPTING_TRAFFIC to REFUSING_TRAFFIC
[DEBUG] 2024-04-01 20:51:48.131 [SpringApplicationShutdownHook][AbstractApplicationContext.java] AnnotationConfigServletWebServerApplicationContext - Closing org.springframework.boot.web.servlet.context.AnnotationConfigServletWebServerApplicationContext@66029ff4, started on Mon Apr 01 20:50:58 KST 2024
[DEBUG] 2024-04-01 20:51:48.131 [SpringApplicationShutdownHook][PropertySourcesPropertyResolver.java] ConfigurationPropertySourcesPropertyResolver$DefaultResolver - Found key 'spring.liveBeansView.mbeanDomain' in PropertySource 'systemProperties' with value of type String
[DEBUG] 2024-04-01 20:51:48.132 [SpringApplicationShutdownHook][DefaultLifecycleProcessor.java] DefaultLifecycleProcessor - Stopping beans in phase 2147483647
[DEBUG] 2024-04-01 20:51:48.133 [SpringApplicationShutdownHook][DefaultLifecycleProcessor.java] DefaultLifecycleProcessor - Bean 'webServerGracefulShutdown' completed its stop procedure
[DEBUG] 2024-04-01 20:51:48.133 [SpringApplicationShutdownHook][DefaultLifecycleProcessor.java] DefaultLifecycleProcessor - Stopping beans in phase 2147483646
[DEBUG] 2024-04-01 20:51:48.176 [SpringApplicationShutdownHook][DefaultLifecycleProcessor.java] DefaultLifecycleProcessor - Bean 'webServerStartStop' completed its stop procedure
[DEBUG] 2024-04-01 20:51:48.176 [SpringApplicationShutdownHook][DefaultLifecycleProcessor.java] DefaultLifecycleProcessor - Stopping beans in phase -2147483647
[DEBUG] 2024-04-01 20:51:48.177 [SpringApplicationShutdownHook][DefaultLifecycleProcessor.java] DefaultLifecycleProcessor - Bean 'springBootLoggingLifecycle' completed its stop procedure
[DEBUG] 2024-04-01 20:51:48.249 [SpringApplicationShutdownHook][MBeanExporter.java] AnnotationMBeanExporter - Unregistering JMX-exposed beans on shutdown
[DEBUG] 2024-04-01 20:51:48.250 [SpringApplicationShutdownHook][MBeanRegistrationSupport.java] AnnotationMBeanExporter - Unregistering JMX-exposed beans
[DEBUG] 2024-04-01 20:51:48.250 [SpringApplicationShutdownHook][ExecutorConfigurationSupport.java] ThreadPoolTaskExecutor - Shutting down ExecutorService 'applicationTaskExecutor'
[INFO ] 2024-04-01 20:51:48.250 [SpringApplicationShutdownHook][AbstractEntityManagerFactoryBean.java] LocalContainerEntityManagerFactoryBean - Closing JPA EntityManagerFactory for persistence unit 'default'
[DEBUG] 2024-04-01 20:51:48.250 [SpringApplicationShutdownHook][SessionFactoryImpl.java] SessionFactoryImpl - HHH000031: Closing
[DEBUG] 2024-04-01 20:51:48.251 [SpringApplicationShutdownHook][TypeConfiguration.java] TypeConfiguration$Scope - Un-scoping TypeConfiguration [org.hibernate.type.spi.TypeConfiguration$Scope@2d4e79ea] from SessionFactory [org.hibernate.internal.SessionFactoryImpl@71179ef0]
[DEBUG] 2024-04-01 20:51:48.251 [SpringApplicationShutdownHook][AbstractServiceRegistryImpl.java] AbstractServiceRegistryImpl - Implicitly destroying ServiceRegistry on de-registration of all child ServiceRegistries
[DEBUG] 2024-04-01 20:51:48.251 [SpringApplicationShutdownHook][BootstrapServiceRegistryImpl.java] BootstrapServiceRegistryImpl - Implicitly destroying Boot-strap registry on de-registration of all child ServiceRegistries
[INFO ] 2024-04-01 20:51:48.253 [SpringApplicationShutdownHook][HikariDataSource.java] HikariDataSource - HikariPool-1 - Shutdown initiated...
[DEBUG] 2024-04-01 20:51:48.253 [SpringApplicationShutdownHook][HikariPool.java] HikariPool - HikariPool-1 - Before shutdown stats (total=10, active=0, idle=10, waiting=0)
[DEBUG] 2024-04-01 20:51:48.254 [HikariPool-1 connection closer][PoolBase.java] PoolBase - HikariPool-1 - Closing connection com.mysql.cj.jdbc.ConnectionImpl@1465108f: (connection evicted)
[DEBUG] 2024-04-01 20:51:48.256 [HikariPool-1 connection closer][PoolBase.java] PoolBase - HikariPool-1 - Closing connection com.mysql.cj.jdbc.ConnectionImpl@f016a56: (connection evicted)
[DEBUG] 2024-04-01 20:51:48.256 [HikariPool-1 connection closer][PoolBase.java] PoolBase - HikariPool-1 - Closing connection com.mysql.cj.jdbc.ConnectionImpl@5e5aa92c: (connection evicted)
[DEBUG] 2024-04-01 20:51:48.257 [HikariPool-1 connection closer][PoolBase.java] PoolBase - HikariPool-1 - Closing connection com.mysql.cj.jdbc.ConnectionImpl@5a4daa32: (connection evicted)
[DEBUG] 2024-04-01 20:51:48.258 [HikariPool-1 connection closer][PoolBase.java] PoolBase - HikariPool-1 - Closing connection com.mysql.cj.jdbc.ConnectionImpl@5a1413d7: (connection evicted)
[DEBUG] 2024-04-01 20:51:48.259 [HikariPool-1 connection closer][PoolBase.java] PoolBase - HikariPool-1 - Closing connection com.mysql.cj.jdbc.ConnectionImpl@62693d08: (connection evicted)
[DEBUG] 2024-04-01 20:51:48.260 [HikariPool-1 connection closer][PoolBase.java] PoolBase - HikariPool-1 - Closing connection com.mysql.cj.jdbc.ConnectionImpl@2f3a55d8: (connection evicted)
[DEBUG] 2024-04-01 20:51:48.260 [HikariPool-1 connection closer][PoolBase.java] PoolBase - HikariPool-1 - Closing connection com.mysql.cj.jdbc.ConnectionImpl@3a4f9264: (connection evicted)
[DEBUG] 2024-04-01 20:51:48.261 [HikariPool-1 connection closer][PoolBase.java] PoolBase - HikariPool-1 - Closing connection com.mysql.cj.jdbc.ConnectionImpl@73812e32: (connection evicted)
[DEBUG] 2024-04-01 20:51:48.261 [HikariPool-1 connection closer][PoolBase.java] PoolBase - HikariPool-1 - Closing connection com.mysql.cj.jdbc.ConnectionImpl@4c8a9dea: (connection evicted)
[DEBUG] 2024-04-01 20:51:48.261 [SpringApplicationShutdownHook][HikariPool.java] HikariPool - HikariPool-1 - After shutdown stats (total=0, active=0, idle=0, waiting=0)
[INFO ] 2024-04-01 20:51:48.262 [SpringApplicationShutdownHook][HikariDataSource.java] HikariDataSource - HikariPool-1 - Shutdown completed.
